Arguments: 
  /home/kleberfreire/.nvm/versions/node/v14.17.6/bin/node /home/kleberfreire/.nvm/versions/node/v14.17.6/bin/yarn add git-commit-msg-lintercors -D

PATH: 
  /home/kleberfreire/.vscode-server/bin/6cba118ac49a1b88332f312a8f67186f7f3c1643/bin:/home/kleberfreire/.nvm/versions/node/v14.17.6/bin:/usr/local/sbin:/usr/local/bin:/usr/sbin:/usr/bin:/sbin:/bin:/usr/games:/usr/local/games:/usr/lib/wsl/lib:/mnt/c/Windows/system32:/mnt/c/Windows:/mnt/c/Windows/System32/Wbem:/mnt/c/Windows/System32/WindowsPowerShell/v1.0/:/mnt/c/Windows/System32/OpenSSH/:/mnt/c/Program Files (x86)/NVIDIA Corporation/PhysX/Common:/mnt/c/Program Files/NVIDIA Corporation/NVIDIA NvDLISR:/mnt/c/WINDOWS/system32:/mnt/c/WINDOWS:/mnt/c/WINDOWS/System32/Wbem:/mnt/c/WINDOWS/System32/WindowsPowerShell/v1.0/:/mnt/c/WINDOWS/System32/OpenSSH/:/mnt/c/ProgramData/chocolatey/bin:/mnt/c/Program Files/Microsoft VS Code/bin:/mnt/c/Program Files/Docker/Docker/resources/bin:/mnt/c/ProgramData/DockerDesktop/version-bin:/mnt/c/Users/ch4r4/AppData/Local/Microsoft/WindowsApps:/mnt/c/Users/ch4r4/AppData/Local/GitHubDesktop/bin

Yarn version: 
  1.22.11

Node version: 
  14.17.6

Platform: 
  linux x64

Trace: 
  Error: https://registry.yarnpkg.com/git-commit-msg-lintercors: Not found
      at Request.params.callback [as _callback] (/home/kleberfreire/.nvm/versions/node/v14.17.6/lib/node_modules/yarn/lib/cli.js:66992:18)
      at Request.self.callback (/home/kleberfreire/.nvm/versions/node/v14.17.6/lib/node_modules/yarn/lib/cli.js:140763:22)
      at Request.emit (events.js:400:28)
      at Request.<anonymous> (/home/kleberfreire/.nvm/versions/node/v14.17.6/lib/node_modules/yarn/lib/cli.js:141735:10)
      at Request.emit (events.js:400:28)
      at IncomingMessage.<anonymous> (/home/kleberfreire/.nvm/versions/node/v14.17.6/lib/node_modules/yarn/lib/cli.js:141657:12)
      at Object.onceWrapper (events.js:519:28)
      at IncomingMessage.emit (events.js:412:35)
      at endReadableNT (internal/streams/readable.js:1317:12)
      at processTicksAndRejections (internal/process/task_queues.js:82:21)

npm manifest: 
  {
    "name": "clean-code-api",
    "version": "1.0.0",
    "main": "index.js",
    "license": "MIT"
  }

yarn manifest: 
  No manifest

Lockfile: 
  No lockfile
